<?xml version="1.0" encoding="UTF-8"?>
<testng-results ignored="0" total="2" passed="2" failed="0" skipped="0">
  <reporter-output>
  </reporter-output>
  <suite started-at="2023-02-15T15:58:43 IST" name="Default suite" finished-at="2023-02-15T16:00:21 IST" duration-ms="97964">
    <groups>
      <group name="cucumber">
        <method signature="AbstractTestNGCucumberTests.runScenario(io.cucumber.testng.PickleWrapper,io.cucumber.testng.FeatureWrapper)[pri:0, instance:CucumberOptions.TestNgRunner@7bba5817]" name="runScenario" class="io.cucumber.testng.AbstractTestNGCucumberTests"/>
      </group> <!-- cucumber -->
    </groups>
    <test started-at="2023-02-15T15:58:43 IST" name="Default test" finished-at="2023-02-15T16:00:21 IST" duration-ms="97964">
      <class name="CucumberOptions.TestNgRunner">
        <test-method is-config="true" signature="setUpClass(org.testng.ITestContext)[pri:0, instance:CucumberOptions.TestNgRunner@7bba5817]" started-at="2023-02-15T15:58:43 IST" name="setUpClass" finished-at="2023-02-15T15:58:43 IST" duration-ms="479" status="PASS">
          <params>
            <param index="0">
              <value>
                <![CDATA[org.testng.TestRunner@244418a]]>
              </value>
            </param>
          </params>
          <reporter-output>
          </reporter-output>
        </test-method> <!-- setUpClass -->
        <test-method signature="runScenario(io.cucumber.testng.PickleWrapper,io.cucumber.testng.FeatureWrapper)[pri:0, instance:CucumberOptions.TestNgRunner@7bba5817]" started-at="2023-02-15T15:58:43 IST" name="runScenario" description="Runs Cucumber Scenarios" data-provider="scenarios" finished-at="2023-02-15T15:59:53 IST" duration-ms="69573" status="PASS">
          <params>
            <param index="0">
              <value>
                <![CDATA["want to check for a location or city"]]>
              </value>
            </param>
            <param index="1">
              <value>
                <![CDATA["We have to book Hotel"]]>
              </value>
            </param>
          </params>
          <reporter-output>
          </reporter-output>
        </test-method> <!-- runScenario -->
        <test-method signature="runScenario(io.cucumber.testng.PickleWrapper,io.cucumber.testng.FeatureWrapper)[pri:0, instance:CucumberOptions.TestNgRunner@7bba5817]" started-at="2023-02-15T15:59:53 IST" name="runScenario" description="Runs Cucumber Scenarios" data-provider="scenarios" finished-at="2023-02-15T16:00:21 IST" duration-ms="27728" status="PASS">
          <params>
            <param index="0">
              <value>
                <![CDATA["want to select date for Hotel booking"]]>
              </value>
            </param>
            <param index="1">
              <value>
                <![CDATA["We have to book Hotel"]]>
              </value>
            </param>
          </params>
          <reporter-output>
          </reporter-output>
        </test-method> <!-- runScenario -->
        <test-method is-config="true" signature="tearDownClass()[pri:0, instance:CucumberOptions.TestNgRunner@7bba5817]" started-at="2023-02-15T16:00:21 IST" name="tearDownClass" finished-at="2023-02-15T16:00:21 IST" duration-ms="22" status="PASS">
          <reporter-output>
          </reporter-output>
        </test-method> <!-- tearDownClass -->
      </class> <!-- CucumberOptions.TestNgRunner -->
    </test> <!-- Default test -->
  </suite> <!-- Default suite -->
</testng-results>
